1642959955420	geckodriver	INFO	Listening on 127.0.0.1:1050
1642959958495	mozrunner::runner	INFO	Running command: "C:\\Program Files\\Mozilla Firefox\\firefox.exe" "--marionette" "--remote-debugging-port" "1051" "-no-remote" "-profile" "C:\\Users\\adrie\\AppData\\Local\\Temp\\rust_mozprofile1Lsuga"
1642959972119	geckodriver	INFO	Listening on 127.0.0.1:1083
1642959975208	mozrunner::runner	INFO	Running command: "C:\\Program Files\\Mozilla Firefox\\firefox.exe" "--marionette" "--remote-debugging-port" "1084" "-no-remote" "-profile" "C:\\Users\\adrie\\AppData\\Local\\Temp\\rust_mozprofilelWV5Oc"
1642959976005	Marionette	INFO	Marionette enabled
console.warn: SearchSettings: "get: No settings file exists, new profile?" (new NotFoundError("Could not open the file at C:\\Users\\adrie\\AppData\\Local\\Temp\\rust_mozprofilelWV5Oc\\search.json.mozlz4", (void 0)))
DevTools listening on ws://localhost:1084/devtools/browser/cdda430b-4395-4035-becf-f6771508d596
1642959981341	Marionette	INFO	Listening on port 1102
1642959981491	RemoteAgent	WARN	TLS certificate errors will be ignored for this session
1642960021695	Marionette	INFO	Stopped listening on port 1102
console.warn: TopSitesFeed: Failed to fetch data from Contile server: NetworkError when attempting to fetch resource.

###!!! [Parent][RunMessage] Error: Channel closing: too late to send/recv, messages will be lost

zprofileS4W7uN"
1642959985090	Marionette	INFO	Marionette enabled
console.warn: SearchSettings: "get: No settings file exists, new profile?" (new NotFoundError("Could not open the file at C:\\Users\\adrie\\AppData\\Local\\Temp\\rust_mozprofileS4W7uN\\search.json.mozlz4", (void 0)))
DevTools listening on ws://localhost:1181/devtools/browser/9837a50d-1cd3-4013-8587-69ce89d399c7
1642959988544	Marionette	INFO	Listening on port 1213
1642959988837	RemoteAgent	WARN	TLS certificate errors will be ignored for this session
1642961264355	Marionette	INFO	Stopped listening on port 1213
console.warn: TopSitesFeed: Failed to fetch data from Contile server: NetworkError when attempting to fetch resource.
remote-debugging-port" "1112" "-no-remote" "-profile" "C:\\Users\\adrie\\AppData\\Local\\Temp\\rust_mozprofileqAaH7R"
1642960055858	Marionette	INFO	Marionette enabled
console.warn: SearchSettings: "get: No settings file exists, new profile?" (new NotFoundError("Could not open the file at C:\\Users\\adrie\\AppData\\Local\\Temp\\rust_mozprofileqAaH7R\\search.json.mozlz4", (void 0)))
DevTools listening on ws://localhost:1112/devtools/browser/697de9bf-610b-45ac-8744-022a65e4c004
1642960059782	Marionette	INFO	Listening on port 1120
1642960060155	RemoteAgent	WARN	TLS certificate errors will be ignored for this session
JavaScript error: , line 0: NS_ERROR_NOT_AVAILABLE
1642961263599	Marionette	INFO	Stopped listening on port 1120
console.warn: TopSitesFeed: Failed to fetch data from Contile server: NetworkError when attempting to fetch resource.

###!!! [Parent][RunMessage] Error: Channel closing: too late to send/recv, messages will be lost

ette enabled
console.warn: SearchSettings: "get: No settings file exists, new profile?" (new NotFoundError("Could not open the file at C:\\Users\\adrie\\AppData\\Local\\Temp\\rust_mozprofiledo9ptU\\search.json.mozlz4", (void 0)))
DevTools listening on ws://localhost:1152/devtools/browser/d569ee77-51a0-4c5e-8d30-806202b2d000
1642960067637	Marionette	INFO	Listening on port 1173
1642960068081	RemoteAgent	WARN	TLS certificate errors will be ignored for this session
1642961771297	Marionette	INFO	Stopped listening on port 1173
console.warn: TopSitesFeed: Failed to fetch data from Contile server: NetworkError when attempting to fetch resource.

###!!! [Parent][RunMessage] Error: Channel closing: too late to send/recv, messages will be lost

mozprofileLiGLKd"
1642961677354	Marionette	INFO	Marionette enabled
console.warn: SearchSettings: "get: No settings file exists, new profile?" (new NotFoundError("Could not open the file at C:\\Users\\adrie\\AppData\\Local\\Temp\\rust_mozprofileLiGLKd\\search.json.mozlz4", (void 0)))
DevTools listening on ws://localhost:18009/devtools/browser/20af3569-a488-41cc-9653-ac315dd922dc
1642961680844	Marionette	INFO	Listening on port 18018
1642961680978	RemoteAgent	WARN	TLS certificate errors will be ignored for this session
1642961683750	Marionette	INFO	Stopped listening on port 18011642961684108	mozrunner::runner	INFO	Running command: "C:\\Program Files\\Mozilla Firefox\\firefox.exe" "--marionette" "--remote-debugging-port" "18046" "-no-remote" "-profile" "C:\\Users\\adrie\\AppData\\Local\\Temp\\rust_mozprofileJIztEJ"
1642961684651	Marionette	INFO	Marionette enabled
console.warn: SearchSettings: "get: No settings file exists, new profile?" (new NotFoundError("Could not open the file at C:\\Users\\adrie\\AppData\\Local\\Temp\\rust_mozprofileJIztEJ\\search.json.mozlz4", (void 0)))
DevTools listening on ws://localhost:18046/devtools/browser/eb2fb906-22bd-4371-9e89-136bbe38cd88
1642961688316	Marionette	INFO	Listening on port 18070
1642961688442	RemoteAgent	WARN	TLS certificate errors will be ignored for this session
JavaScript error: resource://gre/modules/AsyncShutdown.jsm, line 575: NotFoundError: No such JSWindowActor 'DevToolsFrame'
1642961779922	Marionette	INFO	Stopped listening on port 18070
console.warn: TopSitesFeed: Failed to fetch data from Contile server: NetworkError when attempting to fetch resource.
[Parent 18488, IPC I/O Parent] WARNING: file /builds/worker/checkouts/gecko/ipc/chromium/src/base/process_util_win.cc:167

###!!! [Parent][RunMessage] Error: Channel closing: too late to send/recv, messages will be lost

1642961838446	geckodriver	INFO	Listening on 127.0.0.1:10970
1642961841515	mozrunner::runner	INFO	Running command: "C:\\Program Files\\Mozilla Firefox\\firefox.exe" "--marionette" "--remote-debugging-port" "10971" "-no-remote" "-profile" "C:\\Users\\adrie\\AppData\\Local\\Temp\\rust_mozprofilexAFXcl"
1642961842096	Marionette	INFO	Marionette enabled
console.warn: SearchSettings: "get: No settings file exists, new profile?" (new NotFoundError("Could not open the file at C:\\Users\\adrie\\AppData\\Local\\Temp\\rust_mozprofilexAFXcl\\search.json.mozlz4", (void 0)))
DevTools listening on ws://localhost:10971/devtools/browser/1292bb91-6794-4678-aa8b-d19558d9ebca
1642961846517	Marionette	INFO	Listening on port 10979
1642961846894	RemoteAgent	WARN	TLS certificate errors will be ignored for this session
1642962190928	Marionette	INFO	Stopped listening on port 10979
console.warn: TopSitesFeed: Failed to fetch data from Contile server: NetworkError when attempting to fetch resource.

###!!! [Parent][RunMessage] Error: Channel closing: too late to send/recv, messages will be lost

ozprofileVFkaxd"
1642961850546	Marionette	INFO	Marionette enabled
console.warn: SearchSettings: "get: No settings file exists, new profile?" (new NotFoundError("Could not open the file at C:\\Users\\adrie\\AppData\\Local\\Temp\\rust_mozprofileVFkaxd\\search.json.mozlz4", (void 0)))
DevTools listening on ws://localhost:11009/devtools/browser/45d113ff-adf2-44a1-8a06-12513887d813
1642961854740	Marionette	INFO	Listening on port 11031
1642961854871	RemoteAgent	WARN	TLS certificate errors will be ignored for this session
JavaScript error: resource://gre/modules/AsyncShutdown.jsm, line 575: NotFoundError: No such JSWindowActor 'DevToolsFrame'
1642962190200	Marionette	INFO	Stopped listening on port 11031
console.warn: TopSitesFeed: Failed to fetch data from Contile server: NetworkError when attempting to fetch resource.
62111351	Marionette	INFO	Marionette enabled
console.warn: SearchSettings: "get: No settings file exists, new profile?" (new NotFoundError("Could not open the file at C:\\Users\\adrie\\AppData\\Local\\Temp\\rust_mozprofileRqFNrg\\search.json.mozlz4", (void 0)))
DevTools listening on ws://localhost:20347/devtools/browser/5bad6f38-c946-41f5-a6b6-8af794d250e2
1642962114792	Marionette	INFO	Listening on port 20354
1642962115036	RemoteAgent	WARN	TLS certificate errors will be ignored for this session
1642962191612	Marionette	INFO	Stopped listening on port 20354
console.warn: TopSitesFeed: Failed to fetch data from Contile server: NetworkError when attempting to fetch resource.

###!!! [Parent][RunMessage] Error: Channel closing: too late to send/recv, messages will be lost

ozprofile4GdZCb"
1642962118742	Marionette	INFO	Marionette enabled
console.warn: SearchSettings: "get: No settings file exists, new profile?" (new NotFoundError("Could not open the file at C:\\Users\\adrie\\AppData\\Local\\Temp\\rust_mozprofile4GdZCb\\search.json.mozlz4", (void 0)))
DevTools listening on ws://localhost:20387/devtools/browser/071e58ba-3fb3-4917-8d81-d290f92e6d73
1642962122452	Marionette	INFO	Listening on port 20408
1642962122930	RemoteAgent	WARN	TLS certificate errors will be ignored for this session
1642962193689	Marionette	INFO	Stopped listening on port 20408
console.warn: TopSitesFeed: Failed to fetch data from Contile server: NetworkError when attempting to fetch resource.
emote-debugging-port" "8190" "-no-remote" "-profile" "C:\\Users\\adrie\\AppData\\Local\\Temp\\rust_mozprofileKHhPiu"
1642962187956	Marionette	INFO	Marionette enabled
console.warn: SearchSettings: "get: No settings file exists, new profile?" (new NotFoundError("Could not open the file at C:\\Users\\adrie\\AppData\\Local\\Temp\\rust_mozprofileKHhPiu\\search.json.mozlz4", (void 0)))
DevTools listening on ws://localhost:8190/devtools/browser/2e1ef21f-d309-45e6-b834-21cd735d0c83
1642962192037	Marionette	INFO	Listening on port 33464
1642962192244	RemoteAgent	WARN	TLS certificate errors will be ignored for this session
1642962490543	Marionette	INFO	Stopped listening on port 33464
console.warn: TopSitesFeed: Failed to fetch data from Contile server: NetworkError when attempting to fetch resource.

###!!! [Parent][RunMessage] Error: Channel closing: too late to send/recv, messages will be lost

ozprofilend7nVW"
1642962195800	Marionette	INFO	Marionette enabled
console.warn: SearchSettings: "get: No settings file exists, new profile?" (new NotFoundError("Could not open the file at C:\\Users\\adrie\\AppData\\Local\\Temp\\rust_mozprofilend7nVW\\search.json.mozlz4", (void 0)))
DevTools listening on ws://localhost:33500/devtools/browser/a9814d2f-8c3b-4254-bcf5-150bed6c451c
1642962198966	Marionette	INFO	Listening on port 33524
1642962199121	RemoteAgent	WARN	TLS certificate errors will be ignored for this session
1642962200219	Marionette	INFO	Stopped listening on port 33524

###!!! [Child][RunMessage] Error: Channel closing: too late to send/recv, messages will be lost


###!!! [Parent][MessageChannel] Error: (msgtype=0x3A007A,name=PContent::Msg_DestroyBrowsingContextGroup) Closed channel: cannot send/recv

JavaScript error: resource://gre/modules/Sqlite.jsm, line 1105: Error: Sqlite.jsm has been shutdown. Cannot open connection to: C:\Users\adrie\AppData\Local\Temp\rust_mozprofilend7nVW\protections.sqlite
